2022-02-26T19:49:24,628 - CPUUtilization.Percent:0.0|#Level:Host|#hostname:Sasirekhas-MacBook-Pro.local,timestamp:1645904964
2022-02-26T19:49:24,629 - DiskAvailable.Gigabytes:256.0616455078125|#Level:Host|#hostname:Sasirekhas-MacBook-Pro.local,timestamp:1645904964
2022-02-26T19:49:24,629 - DiskUsage.Gigabytes:14.018115997314453|#Level:Host|#hostname:Sasirekhas-MacBook-Pro.local,timestamp:1645904964
2022-02-26T19:49:24,629 - DiskUtilization.Percent:5.2|#Level:Host|#hostname:Sasirekhas-MacBook-Pro.local,timestamp:1645904964
2022-02-26T19:49:24,629 - MemoryAvailable.Megabytes:5061.73046875|#Level:Host|#hostname:Sasirekhas-MacBook-Pro.local,timestamp:1645904964
2022-02-26T19:49:24,630 - MemoryUsed.Megabytes:8166.4921875|#Level:Host|#hostname:Sasirekhas-MacBook-Pro.local,timestamp:1645904964
2022-02-26T19:49:24,630 - MemoryUtilization.Percent:69.1|#Level:Host|#hostname:Sasirekhas-MacBook-Pro.local,timestamp:1645904964
2022-02-26T19:49:43,951 - Requests2XX.Count:1|#Level:Host|#hostname:Sasirekhas-MacBook-Pro.local,timestamp:null
2022-02-26T19:50:24,625 - CPUUtilization.Percent:0.0|#Level:Host|#hostname:Sasirekhas-MacBook-Pro.local,timestamp:1645905024
2022-02-26T19:50:24,625 - DiskAvailable.Gigabytes:256.06311798095703|#Level:Host|#hostname:Sasirekhas-MacBook-Pro.local,timestamp:1645905024
2022-02-26T19:50:24,626 - DiskUsage.Gigabytes:14.018115997314453|#Level:Host|#hostname:Sasirekhas-MacBook-Pro.local,timestamp:1645905024
2022-02-26T19:50:24,626 - DiskUtilization.Percent:5.2|#Level:Host|#hostname:Sasirekhas-MacBook-Pro.local,timestamp:1645905024
2022-02-26T19:50:24,626 - MemoryAvailable.Megabytes:5134.39453125|#Level:Host|#hostname:Sasirekhas-MacBook-Pro.local,timestamp:1645905024
2022-02-26T19:50:24,626 - MemoryUsed.Megabytes:8096.15625|#Level:Host|#hostname:Sasirekhas-MacBook-Pro.local,timestamp:1645905024
2022-02-26T19:50:24,627 - MemoryUtilization.Percent:68.7|#Level:Host|#hostname:Sasirekhas-MacBook-Pro.local,timestamp:1645905024
2022-02-26T19:51:24,641 - CPUUtilization.Percent:0.0|#Level:Host|#hostname:Sasirekhas-MacBook-Pro.local,timestamp:1645905084
2022-02-26T19:51:24,642 - DiskAvailable.Gigabytes:256.0629539489746|#Level:Host|#hostname:Sasirekhas-MacBook-Pro.local,timestamp:1645905084
2022-02-26T19:51:24,643 - DiskUsage.Gigabytes:14.018115997314453|#Level:Host|#hostname:Sasirekhas-MacBook-Pro.local,timestamp:1645905084
2022-02-26T19:51:24,643 - DiskUtilization.Percent:5.2|#Level:Host|#hostname:Sasirekhas-MacBook-Pro.local,timestamp:1645905084
2022-02-26T19:51:24,643 - MemoryAvailable.Megabytes:5103.25|#Level:Host|#hostname:Sasirekhas-MacBook-Pro.local,timestamp:1645905084
2022-02-26T19:51:24,643 - MemoryUsed.Megabytes:8127.25|#Level:Host|#hostname:Sasirekhas-MacBook-Pro.local,timestamp:1645905084
2022-02-26T19:51:24,643 - MemoryUtilization.Percent:68.9|#Level:Host|#hostname:Sasirekhas-MacBook-Pro.local,timestamp:1645905084
2022-02-26T19:52:24,683 - CPUUtilization.Percent:0.0|#Level:Host|#hostname:Sasirekhas-MacBook-Pro.local,timestamp:1645905144
2022-02-26T19:52:24,684 - DiskAvailable.Gigabytes:256.055721282959|#Level:Host|#hostname:Sasirekhas-MacBook-Pro.local,timestamp:1645905144
2022-02-26T19:52:24,684 - DiskUsage.Gigabytes:14.018115997314453|#Level:Host|#hostname:Sasirekhas-MacBook-Pro.local,timestamp:1645905144
2022-02-26T19:52:24,685 - DiskUtilization.Percent:5.2|#Level:Host|#hostname:Sasirekhas-MacBook-Pro.local,timestamp:1645905144
2022-02-26T19:52:24,685 - MemoryAvailable.Megabytes:5152.01171875|#Level:Host|#hostname:Sasirekhas-MacBook-Pro.local,timestamp:1645905144
2022-02-26T19:52:24,685 - MemoryUsed.Megabytes:8066.78125|#Level:Host|#hostname:Sasirekhas-MacBook-Pro.local,timestamp:1645905144
2022-02-26T19:52:24,685 - MemoryUtilization.Percent:68.6|#Level:Host|#hostname:Sasirekhas-MacBook-Pro.local,timestamp:1645905144
2022-02-26T19:53:24,721 - CPUUtilization.Percent:0.0|#Level:Host|#hostname:Sasirekhas-MacBook-Pro.local,timestamp:1645905204
2022-02-26T19:53:24,722 - DiskAvailable.Gigabytes:256.06353759765625|#Level:Host|#hostname:Sasirekhas-MacBook-Pro.local,timestamp:1645905204
2022-02-26T19:53:24,722 - DiskUsage.Gigabytes:14.018115997314453|#Level:Host|#hostname:Sasirekhas-MacBook-Pro.local,timestamp:1645905204
2022-02-26T19:53:24,722 - DiskUtilization.Percent:5.2|#Level:Host|#hostname:Sasirekhas-MacBook-Pro.local,timestamp:1645905204
2022-02-26T19:53:24,722 - MemoryAvailable.Megabytes:5050.71875|#Level:Host|#hostname:Sasirekhas-MacBook-Pro.local,timestamp:1645905204
2022-02-26T19:53:24,722 - MemoryUsed.Megabytes:8163.30859375|#Level:Host|#hostname:Sasirekhas-MacBook-Pro.local,timestamp:1645905204
2022-02-26T19:53:24,723 - MemoryUtilization.Percent:69.2|#Level:Host|#hostname:Sasirekhas-MacBook-Pro.local,timestamp:1645905204
2022-02-26T19:54:24,663 - CPUUtilization.Percent:100.0|#Level:Host|#hostname:Sasirekhas-MacBook-Pro.local,timestamp:1645905264
2022-02-26T19:54:24,663 - DiskAvailable.Gigabytes:256.0908088684082|#Level:Host|#hostname:Sasirekhas-MacBook-Pro.local,timestamp:1645905264
2022-02-26T19:54:24,664 - DiskUsage.Gigabytes:14.018115997314453|#Level:Host|#hostname:Sasirekhas-MacBook-Pro.local,timestamp:1645905264
2022-02-26T19:54:24,664 - DiskUtilization.Percent:5.2|#Level:Host|#hostname:Sasirekhas-MacBook-Pro.local,timestamp:1645905264
2022-02-26T19:54:24,664 - MemoryAvailable.Megabytes:5180.59375|#Level:Host|#hostname:Sasirekhas-MacBook-Pro.local,timestamp:1645905264
2022-02-26T19:54:24,664 - MemoryUsed.Megabytes:8028.85546875|#Level:Host|#hostname:Sasirekhas-MacBook-Pro.local,timestamp:1645905264
2022-02-26T19:54:24,664 - MemoryUtilization.Percent:68.4|#Level:Host|#hostname:Sasirekhas-MacBook-Pro.local,timestamp:1645905264
2022-02-26T19:55:24,699 - CPUUtilization.Percent:0.0|#Level:Host|#hostname:Sasirekhas-MacBook-Pro.local,timestamp:1645905324
2022-02-26T19:55:24,699 - DiskAvailable.Gigabytes:256.0883445739746|#Level:Host|#hostname:Sasirekhas-MacBook-Pro.local,timestamp:1645905324
2022-02-26T19:55:24,700 - DiskUsage.Gigabytes:14.018115997314453|#Level:Host|#hostname:Sasirekhas-MacBook-Pro.local,timestamp:1645905324
2022-02-26T19:55:24,700 - DiskUtilization.Percent:5.2|#Level:Host|#hostname:Sasirekhas-MacBook-Pro.local,timestamp:1645905324
2022-02-26T19:55:24,700 - MemoryAvailable.Megabytes:5186.98046875|#Level:Host|#hostname:Sasirekhas-MacBook-Pro.local,timestamp:1645905324
2022-02-26T19:55:24,700 - MemoryUsed.Megabytes:8029.64453125|#Level:Host|#hostname:Sasirekhas-MacBook-Pro.local,timestamp:1645905324
2022-02-26T19:55:24,700 - MemoryUtilization.Percent:68.3|#Level:Host|#hostname:Sasirekhas-MacBook-Pro.local,timestamp:1645905324
2022-02-26T19:56:24,619 - CPUUtilization.Percent:0.0|#Level:Host|#hostname:Sasirekhas-MacBook-Pro.local,timestamp:1645905384
2022-02-26T19:56:24,619 - DiskAvailable.Gigabytes:256.0879554748535|#Level:Host|#hostname:Sasirekhas-MacBook-Pro.local,timestamp:1645905384
2022-02-26T19:56:24,619 - DiskUsage.Gigabytes:14.018115997314453|#Level:Host|#hostname:Sasirekhas-MacBook-Pro.local,timestamp:1645905384
2022-02-26T19:56:24,619 - DiskUtilization.Percent:5.2|#Level:Host|#hostname:Sasirekhas-MacBook-Pro.local,timestamp:1645905384
2022-02-26T19:56:24,620 - MemoryAvailable.Megabytes:5183.83203125|#Level:Host|#hostname:Sasirekhas-MacBook-Pro.local,timestamp:1645905384
2022-02-26T19:56:24,620 - MemoryUsed.Megabytes:8033.90234375|#Level:Host|#hostname:Sasirekhas-MacBook-Pro.local,timestamp:1645905384
2022-02-26T19:56:24,620 - MemoryUtilization.Percent:68.4|#Level:Host|#hostname:Sasirekhas-MacBook-Pro.local,timestamp:1645905384
2022-02-26T19:57:24,618 - CPUUtilization.Percent:0.0|#Level:Host|#hostname:Sasirekhas-MacBook-Pro.local,timestamp:1645905444
2022-02-26T19:57:24,618 - DiskAvailable.Gigabytes:256.08851623535156|#Level:Host|#hostname:Sasirekhas-MacBook-Pro.local,timestamp:1645905444
2022-02-26T19:57:24,618 - DiskUsage.Gigabytes:14.018115997314453|#Level:Host|#hostname:Sasirekhas-MacBook-Pro.local,timestamp:1645905444
2022-02-26T19:57:24,618 - DiskUtilization.Percent:5.2|#Level:Host|#hostname:Sasirekhas-MacBook-Pro.local,timestamp:1645905444
2022-02-26T19:57:24,618 - MemoryAvailable.Megabytes:5184.16015625|#Level:Host|#hostname:Sasirekhas-MacBook-Pro.local,timestamp:1645905444
2022-02-26T19:57:24,619 - MemoryUsed.Megabytes:8036.484375|#Level:Host|#hostname:Sasirekhas-MacBook-Pro.local,timestamp:1645905444
2022-02-26T19:57:24,619 - MemoryUtilization.Percent:68.4|#Level:Host|#hostname:Sasirekhas-MacBook-Pro.local,timestamp:1645905444
2022-02-26T19:58:24,696 - CPUUtilization.Percent:0.0|#Level:Host|#hostname:Sasirekhas-MacBook-Pro.local,timestamp:1645905504
2022-02-26T19:58:24,697 - DiskAvailable.Gigabytes:256.0894660949707|#Level:Host|#hostname:Sasirekhas-MacBook-Pro.local,timestamp:1645905504
2022-02-26T19:58:24,697 - DiskUsage.Gigabytes:14.018115997314453|#Level:Host|#hostname:Sasirekhas-MacBook-Pro.local,timestamp:1645905504
2022-02-26T19:58:24,697 - DiskUtilization.Percent:5.2|#Level:Host|#hostname:Sasirekhas-MacBook-Pro.local,timestamp:1645905504
2022-02-26T19:58:24,697 - MemoryAvailable.Megabytes:5179.4375|#Level:Host|#hostname:Sasirekhas-MacBook-Pro.local,timestamp:1645905504
2022-02-26T19:58:24,697 - MemoryUsed.Megabytes:8020.69921875|#Level:Host|#hostname:Sasirekhas-MacBook-Pro.local,timestamp:1645905504
2022-02-26T19:58:24,697 - MemoryUtilization.Percent:68.4|#Level:Host|#hostname:Sasirekhas-MacBook-Pro.local,timestamp:1645905504
2022-02-26T19:59:24,656 - CPUUtilization.Percent:0.0|#Level:Host|#hostname:Sasirekhas-MacBook-Pro.local,timestamp:1645905564
2022-02-26T19:59:24,656 - DiskAvailable.Gigabytes:256.08688735961914|#Level:Host|#hostname:Sasirekhas-MacBook-Pro.local,timestamp:1645905564
2022-02-26T19:59:24,656 - DiskUsage.Gigabytes:14.018115997314453|#Level:Host|#hostname:Sasirekhas-MacBook-Pro.local,timestamp:1645905564
2022-02-26T19:59:24,657 - DiskUtilization.Percent:5.2|#Level:Host|#hostname:Sasirekhas-MacBook-Pro.local,timestamp:1645905564
2022-02-26T19:59:24,657 - MemoryAvailable.Megabytes:5176.7109375|#Level:Host|#hostname:Sasirekhas-MacBook-Pro.local,timestamp:1645905564
2022-02-26T19:59:24,657 - MemoryUsed.Megabytes:8015.703125|#Level:Host|#hostname:Sasirekhas-MacBook-Pro.local,timestamp:1645905564
2022-02-26T19:59:24,657 - MemoryUtilization.Percent:68.4|#Level:Host|#hostname:Sasirekhas-MacBook-Pro.local,timestamp:1645905564
2022-02-26T20:00:24,664 - CPUUtilization.Percent:0.0|#Level:Host|#hostname:Sasirekhas-MacBook-Pro.local,timestamp:1645905624
2022-02-26T20:00:24,665 - DiskAvailable.Gigabytes:256.0972366333008|#Level:Host|#hostname:Sasirekhas-MacBook-Pro.local,timestamp:1645905624
2022-02-26T20:00:24,665 - DiskUsage.Gigabytes:14.018115997314453|#Level:Host|#hostname:Sasirekhas-MacBook-Pro.local,timestamp:1645905624
2022-02-26T20:00:24,665 - DiskUtilization.Percent:5.2|#Level:Host|#hostname:Sasirekhas-MacBook-Pro.local,timestamp:1645905624
2022-02-26T20:00:24,666 - MemoryAvailable.Megabytes:4779.02734375|#Level:Host|#hostname:Sasirekhas-MacBook-Pro.local,timestamp:1645905624
2022-02-26T20:00:24,666 - MemoryUsed.Megabytes:8472.0546875|#Level:Host|#hostname:Sasirekhas-MacBook-Pro.local,timestamp:1645905624
2022-02-26T20:00:24,666 - MemoryUtilization.Percent:70.8|#Level:Host|#hostname:Sasirekhas-MacBook-Pro.local,timestamp:1645905624
2022-02-26T20:01:24,671 - CPUUtilization.Percent:0.0|#Level:Host|#hostname:Sasirekhas-MacBook-Pro.local,timestamp:1645905684
2022-02-26T20:01:24,672 - DiskAvailable.Gigabytes:256.0530700683594|#Level:Host|#hostname:Sasirekhas-MacBook-Pro.local,timestamp:1645905684
2022-02-26T20:01:24,672 - DiskUsage.Gigabytes:14.018115997314453|#Level:Host|#hostname:Sasirekhas-MacBook-Pro.local,timestamp:1645905684
2022-02-26T20:01:24,672 - DiskUtilization.Percent:5.2|#Level:Host|#hostname:Sasirekhas-MacBook-Pro.local,timestamp:1645905684
2022-02-26T20:01:24,672 - MemoryAvailable.Megabytes:5070.14453125|#Level:Host|#hostname:Sasirekhas-MacBook-Pro.local,timestamp:1645905684
2022-02-26T20:01:24,673 - MemoryUsed.Megabytes:8150.3125|#Level:Host|#hostname:Sasirekhas-MacBook-Pro.local,timestamp:1645905684
2022-02-26T20:01:24,673 - MemoryUtilization.Percent:69.1|#Level:Host|#hostname:Sasirekhas-MacBook-Pro.local,timestamp:1645905684
2022-02-26T20:02:24,673 - CPUUtilization.Percent:0.0|#Level:Host|#hostname:Sasirekhas-MacBook-Pro.local,timestamp:1645905744
2022-02-26T20:02:24,674 - DiskAvailable.Gigabytes:256.0554313659668|#Level:Host|#hostname:Sasirekhas-MacBook-Pro.local,timestamp:1645905744
2022-02-26T20:02:24,674 - DiskUsage.Gigabytes:14.018115997314453|#Level:Host|#hostname:Sasirekhas-MacBook-Pro.local,timestamp:1645905744
2022-02-26T20:02:24,674 - DiskUtilization.Percent:5.2|#Level:Host|#hostname:Sasirekhas-MacBook-Pro.local,timestamp:1645905744
2022-02-26T20:02:24,674 - MemoryAvailable.Megabytes:5018.76171875|#Level:Host|#hostname:Sasirekhas-MacBook-Pro.local,timestamp:1645905744
2022-02-26T20:02:24,674 - MemoryUsed.Megabytes:8177.953125|#Level:Host|#hostname:Sasirekhas-MacBook-Pro.local,timestamp:1645905744
2022-02-26T20:02:24,675 - MemoryUtilization.Percent:69.4|#Level:Host|#hostname:Sasirekhas-MacBook-Pro.local,timestamp:1645905744
2022-02-26T20:02:48,771 - CPUUtilization.Percent:0.0|#Level:Host|#hostname:Sasirekhas-MacBook-Pro.local,timestamp:1645905768
2022-02-26T20:02:48,771 - DiskAvailable.Gigabytes:256.0553741455078|#Level:Host|#hostname:Sasirekhas-MacBook-Pro.local,timestamp:1645905768
2022-02-26T20:02:48,771 - DiskUsage.Gigabytes:14.018115997314453|#Level:Host|#hostname:Sasirekhas-MacBook-Pro.local,timestamp:1645905768
2022-02-26T20:02:48,772 - DiskUtilization.Percent:5.2|#Level:Host|#hostname:Sasirekhas-MacBook-Pro.local,timestamp:1645905768
2022-02-26T20:02:48,772 - MemoryAvailable.Megabytes:5134.68359375|#Level:Host|#hostname:Sasirekhas-MacBook-Pro.local,timestamp:1645905768
2022-02-26T20:02:48,773 - MemoryUsed.Megabytes:8060.39453125|#Level:Host|#hostname:Sasirekhas-MacBook-Pro.local,timestamp:1645905768
2022-02-26T20:02:48,773 - MemoryUtilization.Percent:68.7|#Level:Host|#hostname:Sasirekhas-MacBook-Pro.local,timestamp:1645905768
2022-02-26T20:03:06,032 - CPUUtilization.Percent:0.0|#Level:Host|#hostname:Sasirekhas-MacBook-Pro.local,timestamp:1645905786
2022-02-26T20:03:06,033 - DiskAvailable.Gigabytes:256.0547676086426|#Level:Host|#hostname:Sasirekhas-MacBook-Pro.local,timestamp:1645905786
2022-02-26T20:03:06,033 - DiskUsage.Gigabytes:14.018115997314453|#Level:Host|#hostname:Sasirekhas-MacBook-Pro.local,timestamp:1645905786
2022-02-26T20:03:06,033 - DiskUtilization.Percent:5.2|#Level:Host|#hostname:Sasirekhas-MacBook-Pro.local,timestamp:1645905786
2022-02-26T20:03:06,033 - MemoryAvailable.Megabytes:5154.2734375|#Level:Host|#hostname:Sasirekhas-MacBook-Pro.local,timestamp:1645905786
2022-02-26T20:03:06,033 - MemoryUsed.Megabytes:8042.00390625|#Level:Host|#hostname:Sasirekhas-MacBook-Pro.local,timestamp:1645905786
2022-02-26T20:03:06,034 - MemoryUtilization.Percent:68.5|#Level:Host|#hostname:Sasirekhas-MacBook-Pro.local,timestamp:1645905786
2022-02-26T20:10:25,984 - CPUUtilization.Percent:0.0|#Level:Host|#hostname:Sasirekhas-MacBook-Pro.local,timestamp:1645906225
2022-02-26T20:10:25,985 - DiskAvailable.Gigabytes:256.03100967407227|#Level:Host|#hostname:Sasirekhas-MacBook-Pro.local,timestamp:1645906225
2022-02-26T20:10:25,985 - DiskUsage.Gigabytes:14.018115997314453|#Level:Host|#hostname:Sasirekhas-MacBook-Pro.local,timestamp:1645906225
2022-02-26T20:10:25,986 - DiskUtilization.Percent:5.2|#Level:Host|#hostname:Sasirekhas-MacBook-Pro.local,timestamp:1645906225
2022-02-26T20:10:25,986 - MemoryAvailable.Megabytes:5131.2578125|#Level:Host|#hostname:Sasirekhas-MacBook-Pro.local,timestamp:1645906225
2022-02-26T20:10:25,986 - MemoryUsed.Megabytes:8235.28125|#Level:Host|#hostname:Sasirekhas-MacBook-Pro.local,timestamp:1645906225
2022-02-26T20:10:25,986 - MemoryUtilization.Percent:68.7|#Level:Host|#hostname:Sasirekhas-MacBook-Pro.local,timestamp:1645906225
2022-02-26T20:10:46,249 - Requests2XX.Count:1|#Level:Host|#hostname:Sasirekhas-MacBook-Pro.local,timestamp:null
2022-02-26T20:10:58,456 - Requests2XX.Count:1|#Level:Host|#hostname:Sasirekhas-MacBook-Pro.local,timestamp:null
2022-02-26T20:11:00,185 - Requests2XX.Count:1|#Level:Host|#hostname:Sasirekhas-MacBook-Pro.local,timestamp:null
2022-02-26T20:11:01,202 - Requests2XX.Count:1|#Level:Host|#hostname:Sasirekhas-MacBook-Pro.local,timestamp:null
2022-02-26T20:11:02,300 - Requests2XX.Count:1|#Level:Host|#hostname:Sasirekhas-MacBook-Pro.local,timestamp:null
2022-02-26T20:11:03,079 - Requests2XX.Count:1|#Level:Host|#hostname:Sasirekhas-MacBook-Pro.local,timestamp:null
2022-02-26T20:11:03,804 - Requests2XX.Count:1|#Level:Host|#hostname:Sasirekhas-MacBook-Pro.local,timestamp:null
2022-02-26T20:11:04,483 - Requests2XX.Count:1|#Level:Host|#hostname:Sasirekhas-MacBook-Pro.local,timestamp:null
2022-02-26T20:11:06,913 - Requests2XX.Count:1|#Level:Host|#hostname:Sasirekhas-MacBook-Pro.local,timestamp:null
2022-02-26T20:11:09,444 - Requests2XX.Count:1|#Level:Host|#hostname:Sasirekhas-MacBook-Pro.local,timestamp:null
2022-02-26T20:11:26,041 - CPUUtilization.Percent:0.0|#Level:Host|#hostname:Sasirekhas-MacBook-Pro.local,timestamp:1645906286
2022-02-26T20:11:26,042 - DiskAvailable.Gigabytes:256.0220069885254|#Level:Host|#hostname:Sasirekhas-MacBook-Pro.local,timestamp:1645906286
2022-02-26T20:11:26,042 - DiskUsage.Gigabytes:14.018115997314453|#Level:Host|#hostname:Sasirekhas-MacBook-Pro.local,timestamp:1645906286
2022-02-26T20:11:26,043 - DiskUtilization.Percent:5.2|#Level:Host|#hostname:Sasirekhas-MacBook-Pro.local,timestamp:1645906286
2022-02-26T20:11:26,043 - MemoryAvailable.Megabytes:5122.95703125|#Level:Host|#hostname:Sasirekhas-MacBook-Pro.local,timestamp:1645906286
2022-02-26T20:11:26,043 - MemoryUsed.Megabytes:8222.59375|#Level:Host|#hostname:Sasirekhas-MacBook-Pro.local,timestamp:1645906286
2022-02-26T20:11:26,043 - MemoryUtilization.Percent:68.7|#Level:Host|#hostname:Sasirekhas-MacBook-Pro.local,timestamp:1645906286
2022-02-26T20:12:25,983 - CPUUtilization.Percent:0.0|#Level:Host|#hostname:Sasirekhas-MacBook-Pro.local,timestamp:1645906345
2022-02-26T20:12:25,983 - DiskAvailable.Gigabytes:256.0282974243164|#Level:Host|#hostname:Sasirekhas-MacBook-Pro.local,timestamp:1645906345
2022-02-26T20:12:25,983 - DiskUsage.Gigabytes:14.018115997314453|#Level:Host|#hostname:Sasirekhas-MacBook-Pro.local,timestamp:1645906345
2022-02-26T20:12:25,984 - DiskUtilization.Percent:5.2|#Level:Host|#hostname:Sasirekhas-MacBook-Pro.local,timestamp:1645906345
2022-02-26T20:12:25,984 - MemoryAvailable.Megabytes:5192.3359375|#Level:Host|#hostname:Sasirekhas-MacBook-Pro.local,timestamp:1645906345
2022-02-26T20:12:25,984 - MemoryUsed.Megabytes:8154.96875|#Level:Host|#hostname:Sasirekhas-MacBook-Pro.local,timestamp:1645906345
2022-02-26T20:12:25,984 - MemoryUtilization.Percent:68.3|#Level:Host|#hostname:Sasirekhas-MacBook-Pro.local,timestamp:1645906345
2022-02-26T20:13:26,044 - CPUUtilization.Percent:0.0|#Level:Host|#hostname:Sasirekhas-MacBook-Pro.local,timestamp:1645906406
2022-02-26T20:13:26,045 - DiskAvailable.Gigabytes:256.0274772644043|#Level:Host|#hostname:Sasirekhas-MacBook-Pro.local,timestamp:1645906406
2022-02-26T20:13:26,045 - DiskUsage.Gigabytes:14.018115997314453|#Level:Host|#hostname:Sasirekhas-MacBook-Pro.local,timestamp:1645906406
2022-02-26T20:13:26,046 - DiskUtilization.Percent:5.2|#Level:Host|#hostname:Sasirekhas-MacBook-Pro.local,timestamp:1645906406
2022-02-26T20:13:26,046 - MemoryAvailable.Megabytes:5031.234375|#Level:Host|#hostname:Sasirekhas-MacBook-Pro.local,timestamp:1645906406
2022-02-26T20:13:26,046 - MemoryUsed.Megabytes:8277.4453125|#Level:Host|#hostname:Sasirekhas-MacBook-Pro.local,timestamp:1645906406
2022-02-26T20:13:26,046 - MemoryUtilization.Percent:69.3|#Level:Host|#hostname:Sasirekhas-MacBook-Pro.local,timestamp:1645906406
2022-02-26T20:14:25,989 - CPUUtilization.Percent:0.0|#Level:Host|#hostname:Sasirekhas-MacBook-Pro.local,timestamp:1645906465
2022-02-26T20:14:25,989 - DiskAvailable.Gigabytes:256.02541732788086|#Level:Host|#hostname:Sasirekhas-MacBook-Pro.local,timestamp:1645906465
2022-02-26T20:14:25,989 - DiskUsage.Gigabytes:14.018115997314453|#Level:Host|#hostname:Sasirekhas-MacBook-Pro.local,timestamp:1645906465
2022-02-26T20:14:25,989 - DiskUtilization.Percent:5.2|#Level:Host|#hostname:Sasirekhas-MacBook-Pro.local,timestamp:1645906465
2022-02-26T20:14:25,989 - MemoryAvailable.Megabytes:5251.74609375|#Level:Host|#hostname:Sasirekhas-MacBook-Pro.local,timestamp:1645906465
2022-02-26T20:14:25,989 - MemoryUsed.Megabytes:8070.5078125|#Level:Host|#hostname:Sasirekhas-MacBook-Pro.local,timestamp:1645906465
2022-02-26T20:14:25,989 - MemoryUtilization.Percent:67.9|#Level:Host|#hostname:Sasirekhas-MacBook-Pro.local,timestamp:1645906465
2022-02-26T20:15:26,031 - CPUUtilization.Percent:0.0|#Level:Host|#hostname:Sasirekhas-MacBook-Pro.local,timestamp:1645906526
2022-02-26T20:15:26,032 - DiskAvailable.Gigabytes:256.01725006103516|#Level:Host|#hostname:Sasirekhas-MacBook-Pro.local,timestamp:1645906526
2022-02-26T20:15:26,032 - DiskUsage.Gigabytes:14.018115997314453|#Level:Host|#hostname:Sasirekhas-MacBook-Pro.local,timestamp:1645906526
2022-02-26T20:15:26,032 - DiskUtilization.Percent:5.2|#Level:Host|#hostname:Sasirekhas-MacBook-Pro.local,timestamp:1645906526
2022-02-26T20:15:26,032 - MemoryAvailable.Megabytes:5216.0|#Level:Host|#hostname:Sasirekhas-MacBook-Pro.local,timestamp:1645906526
2022-02-26T20:15:26,032 - MemoryUsed.Megabytes:8103.046875|#Level:Host|#hostname:Sasirekhas-MacBook-Pro.local,timestamp:1645906526
2022-02-26T20:15:26,032 - MemoryUtilization.Percent:68.2|#Level:Host|#hostname:Sasirekhas-MacBook-Pro.local,timestamp:1645906526
2022-02-26T20:16:26,029 - CPUUtilization.Percent:0.0|#Level:Host|#hostname:Sasirekhas-MacBook-Pro.local,timestamp:1645906586
2022-02-26T20:16:26,030 - DiskAvailable.Gigabytes:256.03210830688477|#Level:Host|#hostname:Sasirekhas-MacBook-Pro.local,timestamp:1645906586
2022-02-26T20:16:26,030 - DiskUsage.Gigabytes:14.018115997314453|#Level:Host|#hostname:Sasirekhas-MacBook-Pro.local,timestamp:1645906586
2022-02-26T20:16:26,030 - DiskUtilization.Percent:5.2|#Level:Host|#hostname:Sasirekhas-MacBook-Pro.local,timestamp:1645906586
2022-02-26T20:16:26,030 - MemoryAvailable.Megabytes:4918.70703125|#Level:Host|#hostname:Sasirekhas-MacBook-Pro.local,timestamp:1645906586
2022-02-26T20:16:26,031 - MemoryUsed.Megabytes:8419.8828125|#Level:Host|#hostname:Sasirekhas-MacBook-Pro.local,timestamp:1645906586
2022-02-26T20:16:26,031 - MemoryUtilization.Percent:70.0|#Level:Host|#hostname:Sasirekhas-MacBook-Pro.local,timestamp:1645906586
2022-02-26T20:16:36,111 - Requests2XX.Count:1|#Level:Host|#hostname:Sasirekhas-MacBook-Pro.local,timestamp:null
2022-02-26T20:16:54,063 - CPUUtilization.Percent:0.0|#Level:Host|#hostname:Sasirekhas-MacBook-Pro.local,timestamp:1645906614
2022-02-26T20:16:54,063 - DiskAvailable.Gigabytes:256.0300407409668|#Level:Host|#hostname:Sasirekhas-MacBook-Pro.local,timestamp:1645906614
2022-02-26T20:16:54,064 - DiskUsage.Gigabytes:14.018115997314453|#Level:Host|#hostname:Sasirekhas-MacBook-Pro.local,timestamp:1645906614
2022-02-26T20:16:54,064 - DiskUtilization.Percent:5.2|#Level:Host|#hostname:Sasirekhas-MacBook-Pro.local,timestamp:1645906614
2022-02-26T20:16:54,064 - MemoryAvailable.Megabytes:5398.078125|#Level:Host|#hostname:Sasirekhas-MacBook-Pro.local,timestamp:1645906614
2022-02-26T20:16:54,064 - MemoryUsed.Megabytes:8062.58203125|#Level:Host|#hostname:Sasirekhas-MacBook-Pro.local,timestamp:1645906614
2022-02-26T20:16:54,064 - MemoryUtilization.Percent:67.1|#Level:Host|#hostname:Sasirekhas-MacBook-Pro.local,timestamp:1645906614
2022-02-26T20:17:45,174 - Requests2XX.Count:1|#Level:Host|#hostname:Sasirekhas-MacBook-Pro.local,timestamp:null
2022-02-26T20:17:47,226 - Requests2XX.Count:1|#Level:Host|#hostname:Sasirekhas-MacBook-Pro.local,timestamp:null
2022-02-26T20:17:54,060 - CPUUtilization.Percent:0.0|#Level:Host|#hostname:Sasirekhas-MacBook-Pro.local,timestamp:1645906674
2022-02-26T20:17:54,061 - DiskAvailable.Gigabytes:256.0294494628906|#Level:Host|#hostname:Sasirekhas-MacBook-Pro.local,timestamp:1645906674
2022-02-26T20:17:54,061 - DiskUsage.Gigabytes:14.018115997314453|#Level:Host|#hostname:Sasirekhas-MacBook-Pro.local,timestamp:1645906674
2022-02-26T20:17:54,061 - DiskUtilization.Percent:5.2|#Level:Host|#hostname:Sasirekhas-MacBook-Pro.local,timestamp:1645906674
2022-02-26T20:17:54,062 - MemoryAvailable.Megabytes:5350.68359375|#Level:Host|#hostname:Sasirekhas-MacBook-Pro.local,timestamp:1645906674
2022-02-26T20:17:54,062 - MemoryUsed.Megabytes:8110.0234375|#Level:Host|#hostname:Sasirekhas-MacBook-Pro.local,timestamp:1645906674
2022-02-26T20:17:54,062 - MemoryUtilization.Percent:67.3|#Level:Host|#hostname:Sasirekhas-MacBook-Pro.local,timestamp:1645906674
2022-02-26T20:18:54,068 - CPUUtilization.Percent:0.0|#Level:Host|#hostname:Sasirekhas-MacBook-Pro.local,timestamp:1645906734
2022-02-26T20:18:54,069 - DiskAvailable.Gigabytes:256.0246238708496|#Level:Host|#hostname:Sasirekhas-MacBook-Pro.local,timestamp:1645906734
2022-02-26T20:18:54,069 - DiskUsage.Gigabytes:14.018115997314453|#Level:Host|#hostname:Sasirekhas-MacBook-Pro.local,timestamp:1645906734
2022-02-26T20:18:54,069 - DiskUtilization.Percent:5.2|#Level:Host|#hostname:Sasirekhas-MacBook-Pro.local,timestamp:1645906734
2022-02-26T20:18:54,069 - MemoryAvailable.Megabytes:5356.05078125|#Level:Host|#hostname:Sasirekhas-MacBook-Pro.local,timestamp:1645906734
2022-02-26T20:18:54,069 - MemoryUsed.Megabytes:8105.55859375|#Level:Host|#hostname:Sasirekhas-MacBook-Pro.local,timestamp:1645906734
2022-02-26T20:18:54,069 - MemoryUtilization.Percent:67.3|#Level:Host|#hostname:Sasirekhas-MacBook-Pro.local,timestamp:1645906734
2022-02-26T20:27:20,278 - CPUUtilization.Percent:0.0|#Level:Host|#hostname:Sasirekhas-MacBook-Pro.local,timestamp:1645907240
2022-02-26T20:27:20,279 - DiskAvailable.Gigabytes:255.31689071655273|#Level:Host|#hostname:Sasirekhas-MacBook-Pro.local,timestamp:1645907240
2022-02-26T20:27:20,279 - DiskUsage.Gigabytes:14.018115997314453|#Level:Host|#hostname:Sasirekhas-MacBook-Pro.local,timestamp:1645907240
2022-02-26T20:27:20,279 - DiskUtilization.Percent:5.2|#Level:Host|#hostname:Sasirekhas-MacBook-Pro.local,timestamp:1645907240
2022-02-26T20:27:20,280 - MemoryAvailable.Megabytes:5293.2265625|#Level:Host|#hostname:Sasirekhas-MacBook-Pro.local,timestamp:1645907240
2022-02-26T20:27:20,280 - MemoryUsed.Megabytes:8194.95703125|#Level:Host|#hostname:Sasirekhas-MacBook-Pro.local,timestamp:1645907240
2022-02-26T20:27:20,280 - MemoryUtilization.Percent:67.7|#Level:Host|#hostname:Sasirekhas-MacBook-Pro.local,timestamp:1645907240
2022-02-26T20:28:20,286 - CPUUtilization.Percent:0.0|#Level:Host|#hostname:Sasirekhas-MacBook-Pro.local,timestamp:1645907300
2022-02-26T20:28:20,287 - DiskAvailable.Gigabytes:255.31819534301758|#Level:Host|#hostname:Sasirekhas-MacBook-Pro.local,timestamp:1645907300
2022-02-26T20:28:20,287 - DiskUsage.Gigabytes:14.018115997314453|#Level:Host|#hostname:Sasirekhas-MacBook-Pro.local,timestamp:1645907300
2022-02-26T20:28:20,287 - DiskUtilization.Percent:5.2|#Level:Host|#hostname:Sasirekhas-MacBook-Pro.local,timestamp:1645907300
2022-02-26T20:28:20,287 - MemoryAvailable.Megabytes:5379.99609375|#Level:Host|#hostname:Sasirekhas-MacBook-Pro.local,timestamp:1645907300
2022-02-26T20:28:20,287 - MemoryUsed.Megabytes:8155.5|#Level:Host|#hostname:Sasirekhas-MacBook-Pro.local,timestamp:1645907300
2022-02-26T20:28:20,287 - MemoryUtilization.Percent:67.2|#Level:Host|#hostname:Sasirekhas-MacBook-Pro.local,timestamp:1645907300
2022-02-26T20:33:29,722 - CPUUtilization.Percent:0.0|#Level:Host|#hostname:Sasirekhas-MacBook-Pro.local,timestamp:1645907609
2022-02-26T20:33:29,723 - DiskAvailable.Gigabytes:255.1982307434082|#Level:Host|#hostname:Sasirekhas-MacBook-Pro.local,timestamp:1645907609
2022-02-26T20:33:29,723 - DiskUsage.Gigabytes:14.018115997314453|#Level:Host|#hostname:Sasirekhas-MacBook-Pro.local,timestamp:1645907609
2022-02-26T20:33:29,723 - DiskUtilization.Percent:5.2|#Level:Host|#hostname:Sasirekhas-MacBook-Pro.local,timestamp:1645907609
2022-02-26T20:33:29,723 - MemoryAvailable.Megabytes:5381.75|#Level:Host|#hostname:Sasirekhas-MacBook-Pro.local,timestamp:1645907609
2022-02-26T20:33:29,723 - MemoryUsed.Megabytes:8352.0546875|#Level:Host|#hostname:Sasirekhas-MacBook-Pro.local,timestamp:1645907609
2022-02-26T20:33:29,724 - MemoryUtilization.Percent:67.2|#Level:Host|#hostname:Sasirekhas-MacBook-Pro.local,timestamp:1645907609
2022-02-26T20:34:29,708 - CPUUtilization.Percent:0.0|#Level:Host|#hostname:Sasirekhas-MacBook-Pro.local,timestamp:1645907669
2022-02-26T20:34:29,709 - DiskAvailable.Gigabytes:255.16315460205078|#Level:Host|#hostname:Sasirekhas-MacBook-Pro.local,timestamp:1645907669
2022-02-26T20:34:29,709 - DiskUsage.Gigabytes:14.018115997314453|#Level:Host|#hostname:Sasirekhas-MacBook-Pro.local,timestamp:1645907669
2022-02-26T20:34:29,709 - DiskUtilization.Percent:5.2|#Level:Host|#hostname:Sasirekhas-MacBook-Pro.local,timestamp:1645907669
2022-02-26T20:34:29,709 - MemoryAvailable.Megabytes:5404.38671875|#Level:Host|#hostname:Sasirekhas-MacBook-Pro.local,timestamp:1645907669
2022-02-26T20:34:29,709 - MemoryUsed.Megabytes:8258.98828125|#Level:Host|#hostname:Sasirekhas-MacBook-Pro.local,timestamp:1645907669
2022-02-26T20:34:29,709 - MemoryUtilization.Percent:67.0|#Level:Host|#hostname:Sasirekhas-MacBook-Pro.local,timestamp:1645907669
2022-02-26T20:36:23,771 - CPUUtilization.Percent:0.0|#Level:Host|#hostname:Sasirekhas-MacBook-Pro.local,timestamp:1645907783
2022-02-26T20:36:23,772 - DiskAvailable.Gigabytes:255.15612411499023|#Level:Host|#hostname:Sasirekhas-MacBook-Pro.local,timestamp:1645907783
2022-02-26T20:36:23,772 - DiskUsage.Gigabytes:14.018115997314453|#Level:Host|#hostname:Sasirekhas-MacBook-Pro.local,timestamp:1645907783
2022-02-26T20:36:23,773 - DiskUtilization.Percent:5.2|#Level:Host|#hostname:Sasirekhas-MacBook-Pro.local,timestamp:1645907783
2022-02-26T20:36:23,773 - MemoryAvailable.Megabytes:5483.21484375|#Level:Host|#hostname:Sasirekhas-MacBook-Pro.local,timestamp:1645907783
2022-02-26T20:36:23,773 - MemoryUsed.Megabytes:8191.19140625|#Level:Host|#hostname:Sasirekhas-MacBook-Pro.local,timestamp:1645907783
2022-02-26T20:36:23,773 - MemoryUtilization.Percent:66.5|#Level:Host|#hostname:Sasirekhas-MacBook-Pro.local,timestamp:1645907783
2022-02-26T20:37:23,772 - CPUUtilization.Percent:100.0|#Level:Host|#hostname:Sasirekhas-MacBook-Pro.local,timestamp:1645907843
2022-02-26T20:37:23,773 - DiskAvailable.Gigabytes:255.15348434448242|#Level:Host|#hostname:Sasirekhas-MacBook-Pro.local,timestamp:1645907843
2022-02-26T20:37:23,773 - DiskUsage.Gigabytes:14.018115997314453|#Level:Host|#hostname:Sasirekhas-MacBook-Pro.local,timestamp:1645907843
2022-02-26T20:37:23,773 - DiskUtilization.Percent:5.2|#Level:Host|#hostname:Sasirekhas-MacBook-Pro.local,timestamp:1645907843
2022-02-26T20:37:23,773 - MemoryAvailable.Megabytes:5451.8359375|#Level:Host|#hostname:Sasirekhas-MacBook-Pro.local,timestamp:1645907843
2022-02-26T20:37:23,773 - MemoryUsed.Megabytes:8234.71875|#Level:Host|#hostname:Sasirekhas-MacBook-Pro.local,timestamp:1645907843
2022-02-26T20:37:23,773 - MemoryUtilization.Percent:66.7|#Level:Host|#hostname:Sasirekhas-MacBook-Pro.local,timestamp:1645907843
2022-02-26T20:39:09,513 - CPUUtilization.Percent:0.0|#Level:Host|#hostname:Sasirekhas-MacBook-Pro.local,timestamp:1645907949
2022-02-26T20:39:09,514 - DiskAvailable.Gigabytes:255.10364532470703|#Level:Host|#hostname:Sasirekhas-MacBook-Pro.local,timestamp:1645907949
2022-02-26T20:39:09,514 - DiskUsage.Gigabytes:14.018115997314453|#Level:Host|#hostname:Sasirekhas-MacBook-Pro.local,timestamp:1645907949
2022-02-26T20:39:09,515 - DiskUtilization.Percent:5.2|#Level:Host|#hostname:Sasirekhas-MacBook-Pro.local,timestamp:1645907949
2022-02-26T20:39:09,515 - MemoryAvailable.Megabytes:5483.40625|#Level:Host|#hostname:Sasirekhas-MacBook-Pro.local,timestamp:1645907949
2022-02-26T20:39:09,515 - MemoryUsed.Megabytes:8177.93359375|#Level:Host|#hostname:Sasirekhas-MacBook-Pro.local,timestamp:1645907949
2022-02-26T20:39:09,516 - MemoryUtilization.Percent:66.5|#Level:Host|#hostname:Sasirekhas-MacBook-Pro.local,timestamp:1645907949
2022-02-26T20:39:11,471 - W-9000-mnist_1.0.ms:2418|#Level:Host|#hostname:Sasirekhas-MacBook-Pro.local,timestamp:1645907951
2022-02-26T20:39:11,471 - WorkerThreadTime.ms:29|#Level:Host|#hostname:Sasirekhas-MacBook-Pro.local,timestamp:null
2022-02-26T20:39:12,706 - Requests5XX.Count:1|#Level:Host|#hostname:Sasirekhas-MacBook-Pro.local,timestamp:null
2022-02-26T20:39:12,707 - WorkerThreadTime.ms:4|#Level:Host|#hostname:Sasirekhas-MacBook-Pro.local,timestamp:null
2022-02-26T20:40:09,493 - CPUUtilization.Percent:0.0|#Level:Host|#hostname:Sasirekhas-MacBook-Pro.local,timestamp:1645908009
2022-02-26T20:40:09,493 - DiskAvailable.Gigabytes:255.10318756103516|#Level:Host|#hostname:Sasirekhas-MacBook-Pro.local,timestamp:1645908009
2022-02-26T20:40:09,493 - DiskUsage.Gigabytes:14.018115997314453|#Level:Host|#hostname:Sasirekhas-MacBook-Pro.local,timestamp:1645908009
2022-02-26T20:40:09,494 - DiskUtilization.Percent:5.2|#Level:Host|#hostname:Sasirekhas-MacBook-Pro.local,timestamp:1645908009
2022-02-26T20:40:09,494 - MemoryAvailable.Megabytes:5471.5859375|#Level:Host|#hostname:Sasirekhas-MacBook-Pro.local,timestamp:1645908009
2022-02-26T20:40:09,494 - MemoryUsed.Megabytes:8191.23828125|#Level:Host|#hostname:Sasirekhas-MacBook-Pro.local,timestamp:1645908009
2022-02-26T20:40:09,494 - MemoryUtilization.Percent:66.6|#Level:Host|#hostname:Sasirekhas-MacBook-Pro.local,timestamp:1645908009
2022-02-26T20:41:09,480 - CPUUtilization.Percent:0.0|#Level:Host|#hostname:Sasirekhas-MacBook-Pro.local,timestamp:1645908069
2022-02-26T20:41:09,480 - DiskAvailable.Gigabytes:255.1015739440918|#Level:Host|#hostname:Sasirekhas-MacBook-Pro.local,timestamp:1645908069
2022-02-26T20:41:09,480 - DiskUsage.Gigabytes:14.018115997314453|#Level:Host|#hostname:Sasirekhas-MacBook-Pro.local,timestamp:1645908069
2022-02-26T20:41:09,481 - DiskUtilization.Percent:5.2|#Level:Host|#hostname:Sasirekhas-MacBook-Pro.local,timestamp:1645908069
2022-02-26T20:41:09,481 - MemoryAvailable.Megabytes:5318.12890625|#Level:Host|#hostname:Sasirekhas-MacBook-Pro.local,timestamp:1645908069
2022-02-26T20:41:09,481 - MemoryUsed.Megabytes:8348.13671875|#Level:Host|#hostname:Sasirekhas-MacBook-Pro.local,timestamp:1645908069
2022-02-26T20:41:09,481 - MemoryUtilization.Percent:67.5|#Level:Host|#hostname:Sasirekhas-MacBook-Pro.local,timestamp:1645908069
2022-02-26T20:42:09,499 - CPUUtilization.Percent:0.0|#Level:Host|#hostname:Sasirekhas-MacBook-Pro.local,timestamp:1645908129
2022-02-26T20:42:09,499 - DiskAvailable.Gigabytes:255.09974670410156|#Level:Host|#hostname:Sasirekhas-MacBook-Pro.local,timestamp:1645908129
2022-02-26T20:42:09,499 - DiskUsage.Gigabytes:14.018115997314453|#Level:Host|#hostname:Sasirekhas-MacBook-Pro.local,timestamp:1645908129
2022-02-26T20:42:09,500 - DiskUtilization.Percent:5.2|#Level:Host|#hostname:Sasirekhas-MacBook-Pro.local,timestamp:1645908129
2022-02-26T20:42:09,500 - MemoryAvailable.Megabytes:5444.21484375|#Level:Host|#hostname:Sasirekhas-MacBook-Pro.local,timestamp:1645908129
2022-02-26T20:42:09,500 - MemoryUsed.Megabytes:8271.48046875|#Level:Host|#hostname:Sasirekhas-MacBook-Pro.local,timestamp:1645908129
2022-02-26T20:42:09,500 - MemoryUtilization.Percent:66.8|#Level:Host|#hostname:Sasirekhas-MacBook-Pro.local,timestamp:1645908129
2022-02-26T20:43:08,875 - Requests2XX.Count:1|#Level:Host|#hostname:Sasirekhas-MacBook-Pro.local,timestamp:null
2022-02-26T20:43:08,876 - QueueTime.ms:0|#Level:Host|#hostname:Sasirekhas-MacBook-Pro.local,timestamp:null
2022-02-26T20:43:08,876 - WorkerThreadTime.ms:3|#Level:Host|#hostname:Sasirekhas-MacBook-Pro.local,timestamp:null
2022-02-26T20:43:09,480 - CPUUtilization.Percent:0.0|#Level:Host|#hostname:Sasirekhas-MacBook-Pro.local,timestamp:1645908189
2022-02-26T20:43:09,480 - DiskAvailable.Gigabytes:255.10298538208008|#Level:Host|#hostname:Sasirekhas-MacBook-Pro.local,timestamp:1645908189
2022-02-26T20:43:09,480 - DiskUsage.Gigabytes:14.018115997314453|#Level:Host|#hostname:Sasirekhas-MacBook-Pro.local,timestamp:1645908189
2022-02-26T20:43:09,481 - DiskUtilization.Percent:5.2|#Level:Host|#hostname:Sasirekhas-MacBook-Pro.local,timestamp:1645908189
2022-02-26T20:43:09,481 - MemoryAvailable.Megabytes:5398.01171875|#Level:Host|#hostname:Sasirekhas-MacBook-Pro.local,timestamp:1645908189
2022-02-26T20:43:09,481 - MemoryUsed.Megabytes:8321.9375|#Level:Host|#hostname:Sasirekhas-MacBook-Pro.local,timestamp:1645908189
2022-02-26T20:43:09,481 - MemoryUtilization.Percent:67.1|#Level:Host|#hostname:Sasirekhas-MacBook-Pro.local,timestamp:1645908189
2022-02-26T20:44:09,476 - CPUUtilization.Percent:0.0|#Level:Host|#hostname:Sasirekhas-MacBook-Pro.local,timestamp:1645908249
2022-02-26T20:44:09,477 - DiskAvailable.Gigabytes:255.11044692993164|#Level:Host|#hostname:Sasirekhas-MacBook-Pro.local,timestamp:1645908249
2022-02-26T20:44:09,477 - DiskUsage.Gigabytes:14.018115997314453|#Level:Host|#hostname:Sasirekhas-MacBook-Pro.local,timestamp:1645908249
2022-02-26T20:44:09,478 - DiskUtilization.Percent:5.2|#Level:Host|#hostname:Sasirekhas-MacBook-Pro.local,timestamp:1645908249
2022-02-26T20:44:09,478 - MemoryAvailable.Megabytes:5448.50390625|#Level:Host|#hostname:Sasirekhas-MacBook-Pro.local,timestamp:1645908249
2022-02-26T20:44:09,478 - MemoryUsed.Megabytes:8275.7734375|#Level:Host|#hostname:Sasirekhas-MacBook-Pro.local,timestamp:1645908249
2022-02-26T20:44:09,478 - MemoryUtilization.Percent:66.7|#Level:Host|#hostname:Sasirekhas-MacBook-Pro.local,timestamp:1645908249
2022-02-26T20:45:09,516 - CPUUtilization.Percent:0.0|#Level:Host|#hostname:Sasirekhas-MacBook-Pro.local,timestamp:1645908309
2022-02-26T20:45:09,517 - DiskAvailable.Gigabytes:255.10662460327148|#Level:Host|#hostname:Sasirekhas-MacBook-Pro.local,timestamp:1645908309
2022-02-26T20:45:09,517 - DiskUsage.Gigabytes:14.018115997314453|#Level:Host|#hostname:Sasirekhas-MacBook-Pro.local,timestamp:1645908309
2022-02-26T20:45:09,517 - DiskUtilization.Percent:5.2|#Level:Host|#hostname:Sasirekhas-MacBook-Pro.local,timestamp:1645908309
2022-02-26T20:45:09,518 - MemoryAvailable.Megabytes:5091.99609375|#Level:Host|#hostname:Sasirekhas-MacBook-Pro.local,timestamp:1645908309
2022-02-26T20:45:09,518 - MemoryUsed.Megabytes:8606.1328125|#Level:Host|#hostname:Sasirekhas-MacBook-Pro.local,timestamp:1645908309
2022-02-26T20:45:09,518 - MemoryUtilization.Percent:68.9|#Level:Host|#hostname:Sasirekhas-MacBook-Pro.local,timestamp:1645908309
2022-02-26T20:46:09,519 - CPUUtilization.Percent:0.0|#Level:Host|#hostname:Sasirekhas-MacBook-Pro.local,timestamp:1645908369
2022-02-26T20:46:09,520 - DiskAvailable.Gigabytes:255.1049041748047|#Level:Host|#hostname:Sasirekhas-MacBook-Pro.local,timestamp:1645908369
2022-02-26T20:46:09,520 - DiskUsage.Gigabytes:14.018115997314453|#Level:Host|#hostname:Sasirekhas-MacBook-Pro.local,timestamp:1645908369
2022-02-26T20:46:09,520 - DiskUtilization.Percent:5.2|#Level:Host|#hostname:Sasirekhas-MacBook-Pro.local,timestamp:1645908369
2022-02-26T20:46:09,520 - MemoryAvailable.Megabytes:5358.78125|#Level:Host|#hostname:Sasirekhas-MacBook-Pro.local,timestamp:1645908369
2022-02-26T20:46:09,520 - MemoryUsed.Megabytes:8362.7578125|#Level:Host|#hostname:Sasirekhas-MacBook-Pro.local,timestamp:1645908369
2022-02-26T20:46:09,520 - MemoryUtilization.Percent:67.3|#Level:Host|#hostname:Sasirekhas-MacBook-Pro.local,timestamp:1645908369
2022-02-26T20:47:09,472 - CPUUtilization.Percent:0.0|#Level:Host|#hostname:Sasirekhas-MacBook-Pro.local,timestamp:1645908429
2022-02-26T20:47:09,472 - DiskAvailable.Gigabytes:255.10417556762695|#Level:Host|#hostname:Sasirekhas-MacBook-Pro.local,timestamp:1645908429
2022-02-26T20:47:09,472 - DiskUsage.Gigabytes:14.018115997314453|#Level:Host|#hostname:Sasirekhas-MacBook-Pro.local,timestamp:1645908429
2022-02-26T20:47:09,472 - DiskUtilization.Percent:5.2|#Level:Host|#hostname:Sasirekhas-MacBook-Pro.local,timestamp:1645908429
2022-02-26T20:47:09,473 - MemoryAvailable.Megabytes:5485.76953125|#Level:Host|#hostname:Sasirekhas-MacBook-Pro.local,timestamp:1645908429
2022-02-26T20:47:09,473 - MemoryUsed.Megabytes:8235.7890625|#Level:Host|#hostname:Sasirekhas-MacBook-Pro.local,timestamp:1645908429
2022-02-26T20:47:09,474 - MemoryUtilization.Percent:66.5|#Level:Host|#hostname:Sasirekhas-MacBook-Pro.local,timestamp:1645908429
2022-02-26T20:48:09,515 - CPUUtilization.Percent:0.0|#Level:Host|#hostname:Sasirekhas-MacBook-Pro.local,timestamp:1645908489
2022-02-26T20:48:09,516 - DiskAvailable.Gigabytes:255.1086082458496|#Level:Host|#hostname:Sasirekhas-MacBook-Pro.local,timestamp:1645908489
2022-02-26T20:48:09,516 - DiskUsage.Gigabytes:14.018115997314453|#Level:Host|#hostname:Sasirekhas-MacBook-Pro.local,timestamp:1645908489
2022-02-26T20:48:09,516 - DiskUtilization.Percent:5.2|#Level:Host|#hostname:Sasirekhas-MacBook-Pro.local,timestamp:1645908489
2022-02-26T20:48:09,517 - MemoryAvailable.Megabytes:5422.1796875|#Level:Host|#hostname:Sasirekhas-MacBook-Pro.local,timestamp:1645908489
2022-02-26T20:48:09,517 - MemoryUsed.Megabytes:8311.4296875|#Level:Host|#hostname:Sasirekhas-MacBook-Pro.local,timestamp:1645908489
2022-02-26T20:48:09,517 - MemoryUtilization.Percent:66.9|#Level:Host|#hostname:Sasirekhas-MacBook-Pro.local,timestamp:1645908489
